
Showing logs for build [32mcb-kubecd-environment-pr-204-1-2hnnd-1[0m stage [32mfrom-build-pack[0m and container [32mstep-credential-initializer-2sgmb[0m
{"level":"info","ts":1587091631.0538502,"logger":"fallback-logger","caller":"logging/config.go:69","msg":"Fetch GitHub commit ID from kodata failed: open /var/run/ko/refs/heads/0.8.0-ns-support: no such file or directory"}
{"level":"info","ts":1587091631.054345,"logger":"fallback-logger","caller":"creds-init/main.go:40","msg":"Credentials initialized."}

Showing logs for build [32mcb-kubecd-environment-pr-204-1-2hnnd-1[0m stage [32mfrom-build-pack[0m and container [32mstep-working-dir-initializer-xrcxw[0m
{"level":"info","ts":1587091632.799529,"logger":"fallback-logger","caller":"logging/config.go:69","msg":"Fetch GitHub commit ID from kodata failed: open /var/run/ko/HEAD: no such file or directory"}
{"level":"info","ts":1587091632.8022988,"logger":"fallback-logger","caller":"bash/main.go:64","msg":"Successfully executed command \"sh -c mkdir -p /workspace/source\"; output "}

Showing logs for build [32mcb-kubecd-environment-pr-204-1-2hnnd-1[0m stage [32mfrom-build-pack[0m and container [32mstep-place-tools[0m

Showing logs for build [32mcb-kubecd-environment-pr-204-1-2hnnd-1[0m stage [32mfrom-build-pack[0m and container [32mstep-git-source-cb-kubecd-environment-pr-204-1-2hnnd-vs6l8[0m
{"level":"info","ts":1587091649.9438887,"logger":"fallback-logger","caller":"logging/config.go:69","msg":"Fetch GitHub commit ID from kodata failed: open /var/run/ko/refs/heads/0.8.0-ns-support: no such file or directory"}
{"level":"info","ts":1587091651.024293,"logger":"fallback-logger","caller":"git/git.go:103","msg":"Successfully cloned https://github.com/cb-kubecd/environment-pr-204-1-boot-gke-staging.git @ master in path /workspace/source"}

Showing logs for build [32mcb-kubecd-environment-pr-204-1-2hnnd-1[0m stage [32mfrom-build-pack[0m and container [32mstep-git-merge[0m
Using SHAs from PULL_REFS=master:8a8c23b5ae7a78716772cb73c02d6c677eb4df69,2:17ac74415d8136a1fb17c097b0f3fd18cf358886
DEBUG: LC_ALL=C JX_LOG_LEVEL=error git fetch origin --unshallow 17ac74415d8136a1fb17c097b0f3fd18cf358886: 8a8c23b5ae7a78716772cb73c02d6c677eb4df69:
DEBUG: ran git fetch --unshallow origin 17ac74415d8136a1fb17c097b0f3fd18cf358886: 8a8c23b5ae7a78716772cb73c02d6c677eb4df69: in 
DEBUG: LC_ALL=C JX_LOG_LEVEL=error git branch
DEBUG: LC_ALL=C JX_LOG_LEVEL=error git checkout master
DEBUG: ran git checkout master in 
DEBUG: LC_ALL=C JX_LOG_LEVEL=error git reset --hard 8a8c23b5ae7a78716772cb73c02d6c677eb4df69
DEBUG: ran git reset --hard 8a8c23b5ae7a78716772cb73c02d6c677eb4df69 in 
DEBUG: LC_ALL=C JX_LOG_LEVEL=error git clean -fd .
DEBUG: ran clean --force -d . in 
DEBUG: LC_ALL=C JX_LOG_LEVEL=error git merge 17ac74415d8136a1fb17c097b0f3fd18cf358886
DEBUG: ran git merge 17ac74415d8136a1fb17c097b0f3fd18cf358886 in 
DEBUG: LC_ALL=C JX_LOG_LEVEL=error git log --format=%H%x1f%an%x1f%ae%x1f%cn%x1f%ce%x1f%s%n%b%x1e 8a8c23b5ae7a78716772cb73c02d6c677eb4df69..HEAD
Merged SHA 17ac74415d8136a1fb17c097b0f3fd18cf358886 with commit message 'chore: Promote bdd-nh-1587091347 to version 0.0.1' into base branch master

Showing logs for build [32mcb-kubecd-environment-pr-204-1-2hnnd-1[0m stage [32mfrom-build-pack[0m and container [32mstep-build-helm-build[0m
WARNING: No $CHART_REPOSITORY defined so using the default value of: http://jenkins-x-chartmuseum:8080
Adding missing Helm repo: storage.googleapis.com https://storage.googleapis.com/chartmuseum.jenkins-x.io
WARNING: No secrets found on "helm/repos" due: reading the secret "helm/repos" from vault: no secret "helm/repos" not found in vault
Read credentials for https://storage.googleapis.com/chartmuseum.jenkins-x.io from vault helm/repos
Successfully added Helm repository storage.googleapis.com.
Adding missing Helm repo: jenkins-x-chartmuseum http://jenkins-x-chartmuseum:8080
WARNING: No secrets found on "helm/repos" due: reading the secret "helm/repos" from vault: no secret "helm/repos" not found in vault
Read credentials for http://jenkins-x-chartmuseum:8080 from vault helm/repos
Successfully added Helm repository jenkins-x-chartmuseum.
WARNING: No $CHART_REPOSITORY defined so using the default value of: http://jenkins-x-chartmuseum:8080
Adding missing Helm repo: chartmuseum.jenkins-x.io http://chartmuseum.jenkins-x.io
WARNING: No secrets found on "helm/repos" due: reading the secret "helm/repos" from vault: no secret "helm/repos" not found in vault
Read credentials for http://chartmuseum.jenkins-x.io from vault helm/repos
Successfully added Helm repository chartmuseum.jenkins-x.io.
